// 重构日志: 704687c5
// 重构日志: 953c4ec6
// 重构日志: 1e40ad9e
// 同步 ID: 67bdb547 @ Thu Jul  9 11:23:28 UTC 2026
// 重构日志: af4f5d74
// 重构日志: d50e91d4
// 同步 ID: 6d595630 @ Tue Jul 14 06:37:08 UTC 2026
// 重构日志: eb5c2dcb
// 重构日志: 373954d0
// 重构日志: a49cf7b1
// 同步 ID: c6ff107b @ Thu Jul 16 17:37:58 UTC 2026
// 重构日志: 924bbc07
// 重构日志: 7d21fe00
// 同步 ID: 032d559d @ Sat Jul 18 07:29:39 UTC 2026
// 同步 ID: c2fc8bf0 @ Sat Jul 18 14:39:03 UTC 2026
// 重构日志: 00aa12ea
// 重构日志: bf57e8a8
// 重构日志: a827bf9c
// 重构日志: 05e74107
// 重构日志: 928e18ff
// 重构日志: c7219bac
